<?xml version="1.0" encoding="UTF-8"?>
<!-- Generated by org.testng.reporters.JUnitReportReporter -->
<testsuite hostname="DESKTOP-GJ43QS2" failures="0" tests="5" name="slack.SlackCreateAChannelTest" time="31.332" errors="0" timestamp="2020-05-31T17:07:07 EDT" skipped="0">
  <testcase classname="slack.SlackCreateAChannelTest" name="logintest" time="9.325"/>
  <testcase classname="slack.SlackCreateAChannelTest" name="workspaceUrltest" time="5.231"/>
  <testcase classname="slack.SlackCreateAChannelTest" name="workspaceUrltest" time="6.403"/>
  <testcase classname="slack.SlackCreateAChannelTest" name="workspaceUrltest" time="5.196"/>
  <testcase classname="slack.SlackCreateAChannelTest" name="workspaceUrltest" time="5.177"/>
</testsuite> <!-- slack.SlackCreateAChannelTest -->
