<?xml version="1.0" encoding="UTF-8"?>
<!-- Generated by org.testng.reporters.JUnitReportReporter -->
<testsuite hostname="DESKTOP-GJ43QS2" failures="0" tests="3" name="slack.SlackActiveTest" time="32.946" errors="0" timestamp="2020-06-03T18:28:36 EDT" skipped="0">
  <testcase classname="slack.SlackActiveTest" name="logintest" time="17.178"/>
  <testcase classname="slack.SlackActiveTest" name="setAwayTest" time="9.885"/>
  <testcase classname="slack.SlackActiveTest" name="setActiveTest" time="5.883"/>
</testsuite> <!-- slack.SlackActiveTest -->
