<?xml version="1.0" encoding="UTF-8"?>
<!-- Generated by org.testng.reporters.JUnitReportReporter -->
<testsuite hostname="DESKTOP-GJ43QS2" failures="0" tests="5" name="slack.SlackLeaveChannelTest" time="77.829" errors="0" timestamp="2020-06-03T18:41:59 EDT" skipped="0">
  <testcase classname="slack.SlackLeaveChannelTest" name="logintest" time="16.923"/>
  <testcase classname="slack.SlackLeaveChannelTest" name="deleteChanneltest" time="14.905"/>
  <testcase classname="slack.SlackLeaveChannelTest" name="deleteChanneltest" time="14.783"/>
  <testcase classname="slack.SlackLeaveChannelTest" name="deleteChanneltest" time="14.810"/>
  <testcase classname="slack.SlackLeaveChannelTest" name="deleteChanneltest" time="16.408"/>
</testsuite> <!-- slack.SlackLeaveChannelTest -->
