<?xml version="1.0" encoding="UTF-8"?>
<!-- Generated by org.testng.reporters.JUnitReportReporter -->
<testsuite hostname="DESKTOP-GJ43QS2" failures="0" tests="1" name="slack.SlackAccSigninTest" time="15.859" errors="0" timestamp="2020-05-22T01:13:06 EDT" skipped="0">
  <testcase classname="slack.SlackAccSigninTest" name="workspaceUrltest" time="15.859"/>
</testsuite> <!-- slack.SlackAccSigninTest -->
