<?xml version="1.0" encoding="UTF-8"?>
<!-- Generated by org.testng.reporters.JUnitReportReporter -->
<testsuite hostname="DESKTOP-GJ43QS2" failures="0" tests="1" name="slack.AccLoginTest" time="17.717" errors="0" timestamp="2020-06-24T22:13:07 EDT" skipped="0">
  <testcase classname="slack.AccLoginTest" name="workspaceUrltest" time="17.717"/>
</testsuite> <!-- slack.AccLoginTest -->
