<?xml version="1.0" encoding="UTF-8"?>
<!-- Generated by org.testng.reporters.JUnitReportReporter -->
<testsuite hostname="DESKTOP-GJ43QS2" failures="0" tests="1" name="slack.SlackWorkspaceUrlTest" time="1.822" errors="0" timestamp="2020-05-22T18:23:50 EDT" skipped="0">
  <testcase classname="slack.SlackWorkspaceUrlTest" name="workspaceUrltest" time="1.822"/>
</testsuite> <!-- slack.SlackWorkspaceUrlTest -->
