<?xml version="1.0" encoding="UTF-8"?>
<!-- Generated by org.testng.reporters.JUnitReportReporter -->
<testsuite hostname="DESKTOP-GJ43QS2" failures="0" tests="1" name="slack.SlackSigninTest" time="1.636" errors="0" timestamp="2020-05-22T18:40:26 EDT" skipped="0">
  <testcase classname="slack.SlackSigninTest" name="signinToSlackTest" time="1.636"/>
</testsuite> <!-- slack.SlackSigninTest -->
