<?xml version="1.0" encoding="UTF-8"?>
<!-- Generated by org.testng.reporters.JUnitReportReporter -->
<testsuite hostname="DESKTOP-GJ43QS2" failures="0" tests="3" name="slack.SlackAddChannelTest" time="11.521" errors="0" timestamp="2020-05-23T02:06:02 EDT" skipped="0">
  <testcase classname="slack.SlackAddChannelTest" name="workspaceUrltest" time="2.802"/>
  <testcase classname="slack.SlackAddChannelTest" name="accountSigninTest" time="7.979"/>
  <testcase classname="slack.SlackAddChannelTest" name="addChannelTest" time="0.740"/>
</testsuite> <!-- slack.SlackAddChannelTest -->
