<?xml version="1.0" encoding="UTF-8"?>
<!-- Generated by org.testng.reporters.JUnitReportReporter -->
<testsuite hostname="DESKTOP-GJ43QS2" failures="0" tests="1" name="slack.AccSigninTest" time="11.269" errors="0" timestamp="2020-06-18T12:32:51 EDT" skipped="0">
  <testcase classname="slack.AccSigninTest" name="workspaceUrltest" time="11.269"/>
</testsuite> <!-- slack.AccSigninTest -->
